<?xml version="1.0" encoding="UTF-8"?>
<!-- Generated by org.testng.reporters.JUnitXMLReporter -->
<testsuite ignored="0" hostname="MSI" failures="0" tests="6" name="ChromeTest" time="418.868" errors="0" timestamp="2023-09-07T15:58:08 IST">
  <testcase classname="com.bestbuy.tests.BestBuySignupTest" name="signUpPage" time="53.091"/>
  <testcase classname="com.bestbuy.tests.BestBuyBottomPageTest" name="bottomLinkValidation" time="106.69"/>
  <testcase classname="com.bestbuy.tests.BestBuyMenuTest" name="menuNavigation" time="30.045"/>
  <testcase classname="com.bestbuy.tests.BestBuyAddItemsTest" name="add_Items_toCart" time="151.036"/>
  <testcase classname="com.bestbuy.tests.BestBuySignin_NegativeTest" name="signIn_invalidCredentials" time="42.9"/>
  <testcase classname="com.bestbuy.tests.BestBuySearch_NegativeTest" name="signIn_invalidCredentials" time="33.074"/>
</testsuite> <!-- ChromeTest -->
