<?xml version="1.0" encoding="UTF-8"?>
<testng-results ignored="0" total="6" passed="6" failed="0" skipped="0">
  <reporter-output>
  </reporter-output>
  <suite started-at="2023-09-07T15:51:09 IST" name="Suite" finished-at="2023-09-07T15:58:08 IST" duration-ms="418868">
    <groups>
      <group name="Positive">
        <method signature="BestBuyMenuTest.menuNavigation()[pri:0, instance:com.bestbuy.tests.BestBuyMenuTest@7a35b0f5]" name="menuNavigation" class="com.bestbuy.tests.BestBuyMenuTest"/>
      </group> <!-- Positive -->
    </groups>
    <test started-at="2023-09-07T15:51:09 IST" name="ChromeTest" finished-at="2023-09-07T15:58:08 IST" duration-ms="418868">
      <class name="com.bestbuy.tests.BestBuyBottomPageTest">
        <test-method is-config="true" signature="setUp(java.lang.String)[pri:0, instance:com.bestbuy.tests.BestBuyBottomPageTest@68c9133c]" started-at="2023-09-07T15:52:02 IST" name="setUp" finished-at="2023-09-07T15:52:02 IST" duration-ms="0" status="PASS">
          <params>
            <param index="0">
              <value>
                <![CDATA[chrome]]>
              </value>
            </param>
          </params>
          <reporter-output>
          </reporter-output>
        </test-method> <!-- setUp -->
        <test-method signature="bottomLinkValidation()[pri:0, instance:com.bestbuy.tests.BestBuyBottomPageTest@68c9133c]" started-at="2023-09-07T15:52:02 IST" name="bottomLinkValidation" finished-at="2023-09-07T15:53:49 IST" duration-ms="106690" status="PASS">
          <reporter-output>
          </reporter-output>
        </test-method> <!-- bottomLinkValidation -->
        <test-method is-config="true" signature="closeBrowser()[pri:0, instance:com.bestbuy.tests.BestBuyBottomPageTest@68c9133c]" started-at="2023-09-07T15:53:49 IST" name="closeBrowser" finished-at="2023-09-07T15:53:49 IST" duration-ms="382" status="PASS">
          <reporter-output>
          </reporter-output>
        </test-method> <!-- closeBrowser -->
      </class> <!-- com.bestbuy.tests.BestBuyBottomPageTest -->
      <class name="com.bestbuy.tests.BestBuySignin_NegativeTest">
        <test-method is-config="true" signature="setUp(java.lang.String)[pri:0, instance:com.bestbuy.tests.BestBuySignin_NegativeTest@2cb4893b]" started-at="2023-09-07T15:56:52 IST" name="setUp" finished-at="2023-09-07T15:56:52 IST" duration-ms="0" status="PASS">
          <params>
            <param index="0">
              <value>
                <![CDATA[chrome]]>
              </value>
            </param>
          </params>
          <reporter-output>
          </reporter-output>
        </test-method> <!-- setUp -->
        <test-method signature="signIn_invalidCredentials()[pri:0, instance:com.bestbuy.tests.BestBuySignin_NegativeTest@2cb4893b]" started-at="2023-09-07T15:56:52 IST" name="signIn_invalidCredentials" finished-at="2023-09-07T15:57:35 IST" duration-ms="42900" status="PASS">
          <reporter-output>
          </reporter-output>
        </test-method> <!-- signIn_invalidCredentials -->
      </class> <!-- com.bestbuy.tests.BestBuySignin_NegativeTest -->
      <class name="com.bestbuy.tests.BestBuySignupTest">
        <test-method is-config="true" signature="setUp(java.lang.String)[pri:0, instance:com.bestbuy.tests.BestBuySignupTest@3f191845]" started-at="2023-09-07T15:51:09 IST" name="setUp" finished-at="2023-09-07T15:51:09 IST" duration-ms="5" status="PASS">
          <params>
            <param index="0">
              <value>
                <![CDATA[chrome]]>
              </value>
            </param>
          </params>
          <reporter-output>
          </reporter-output>
        </test-method> <!-- setUp -->
        <test-method signature="signUpPage()[pri:0, instance:com.bestbuy.tests.BestBuySignupTest@3f191845]" started-at="2023-09-07T15:51:09 IST" name="signUpPage" finished-at="2023-09-07T15:52:02 IST" duration-ms="53091" status="PASS">
          <reporter-output>
          </reporter-output>
        </test-method> <!-- signUpPage -->
        <test-method is-config="true" signature="closeBrowsers()[pri:0, instance:com.bestbuy.tests.BestBuySignupTest@3f191845]" started-at="2023-09-07T15:52:02 IST" name="closeBrowsers" finished-at="2023-09-07T15:52:02 IST" duration-ms="398" status="PASS">
          <reporter-output>
          </reporter-output>
        </test-method> <!-- closeBrowsers -->
      </class> <!-- com.bestbuy.tests.BestBuySignupTest -->
      <class name="com.bestbuy.tests.BestBuySearch_NegativeTest">
        <test-method signature="signIn_invalidCredentials()[pri:0, instance:com.bestbuy.tests.BestBuySearch_NegativeTest@cc43f62]" started-at="2023-09-07T15:57:35 IST" name="signIn_invalidCredentials" finished-at="2023-09-07T15:58:08 IST" duration-ms="33074" status="PASS">
          <reporter-output>
          </reporter-output>
        </test-method> <!-- signIn_invalidCredentials -->
        <test-method is-config="true" signature="setUp(java.lang.String)[pri:0, instance:com.bestbuy.tests.BestBuySearch_NegativeTest@cc43f62]" started-at="2023-09-07T15:57:35 IST" name="setUp" finished-at="2023-09-07T15:57:35 IST" duration-ms="0" status="PASS">
          <params>
            <param index="0">
              <value>
                <![CDATA[chrome]]>
              </value>
            </param>
          </params>
          <reporter-output>
          </reporter-output>
        </test-method> <!-- setUp -->
      </class> <!-- com.bestbuy.tests.BestBuySearch_NegativeTest -->
      <class name="com.bestbuy.tests.BestBuyMenuTest">
        <test-method is-config="true" signature="setUp(java.lang.String)[pri:0, instance:com.bestbuy.tests.BestBuyMenuTest@7a35b0f5]" started-at="2023-09-07T15:53:49 IST" name="setUp" finished-at="2023-09-07T15:53:49 IST" duration-ms="1" status="PASS">
          <params>
            <param index="0">
              <value>
                <![CDATA[chrome]]>
              </value>
            </param>
          </params>
          <reporter-output>
          </reporter-output>
        </test-method> <!-- setUp -->
        <test-method signature="menuNavigation()[pri:0, instance:com.bestbuy.tests.BestBuyMenuTest@7a35b0f5]" started-at="2023-09-07T15:53:49 IST" name="menuNavigation" finished-at="2023-09-07T15:54:19 IST" duration-ms="30045" status="PASS">
          <reporter-output>
          </reporter-output>
        </test-method> <!-- menuNavigation -->
        <test-method is-config="true" signature="closeBrowser()[pri:0, instance:com.bestbuy.tests.BestBuyMenuTest@7a35b0f5]" started-at="2023-09-07T15:54:19 IST" name="closeBrowser" finished-at="2023-09-07T15:54:20 IST" duration-ms="435" status="PASS">
          <reporter-output>
          </reporter-output>
        </test-method> <!-- closeBrowser -->
      </class> <!-- com.bestbuy.tests.BestBuyMenuTest -->
      <class name="com.bestbuy.utils.Reports">
        <test-method is-config="true" signature="startReport()[pri:0, instance:com.bestbuy.utils.Reports@273444fe]" started-at="2023-09-07T15:51:08 IST" name="startReport" finished-at="2023-09-07T15:51:09 IST" duration-ms="470" status="PASS">
          <reporter-output>
          </reporter-output>
        </test-method> <!-- startReport -->
        <test-method is-config="true" signature="endReport()[pri:0, instance:com.bestbuy.utils.Reports@273444fe]" started-at="2023-09-07T15:58:08 IST" name="endReport" finished-at="2023-09-07T15:58:08 IST" duration-ms="623" status="PASS">
          <reporter-output>
          </reporter-output>
        </test-method> <!-- endReport -->
      </class> <!-- com.bestbuy.utils.Reports -->
      <class name="com.bestbuy.tests.BestBuyAddItemsTest">
        <test-method is-config="true" signature="setUp(java.lang.String)[pri:0, instance:com.bestbuy.tests.BestBuyAddItemsTest@5e2c3d18]" started-at="2023-09-07T15:54:20 IST" name="setUp" finished-at="2023-09-07T15:54:20 IST" duration-ms="1" status="PASS">
          <params>
            <param index="0">
              <value>
                <![CDATA[chrome]]>
              </value>
            </param>
          </params>
          <reporter-output>
          </reporter-output>
        </test-method> <!-- setUp -->
        <test-method signature="add_Items_toCart()[pri:0, instance:com.bestbuy.tests.BestBuyAddItemsTest@5e2c3d18]" started-at="2023-09-07T15:54:20 IST" name="add_Items_toCart" finished-at="2023-09-07T15:56:51 IST" duration-ms="151036" status="PASS">
          <reporter-output>
          </reporter-output>
        </test-method> <!-- add_Items_toCart -->
        <test-method is-config="true" signature="clossBrowser()[pri:0, instance:com.bestbuy.tests.BestBuyAddItemsTest@5e2c3d18]" started-at="2023-09-07T15:56:51 IST" name="clossBrowser" finished-at="2023-09-07T15:56:52 IST" duration-ms="722" status="PASS">
          <reporter-output>
          </reporter-output>
        </test-method> <!-- clossBrowser -->
      </class> <!-- com.bestbuy.tests.BestBuyAddItemsTest -->
    </test> <!-- ChromeTest -->
  </suite> <!-- Suite -->
</testng-results>
